Clock: clk
Sources: wb_clk_i 
Generated: no
Virtual: yes
Propagated: no
Period: 25.000000

===========================================================================
report_clock_properties
============================================================================
Clock                   Period          Waveform
----------------------------------------------------
clk                  25.000000    0.000000 12.500000

===========================================================================
report_clock_latency
============================================================================
Clock clk
rise -> rise
    min     max
4.650000 5.570000 source latency
7.669377         network latency _328_/CLK
        10.604473 network latency _305_/CLK
---------------
12.319378 16.174475 latency
        3.855096 skew

rise -> fall
    min     max
4.650000 5.570000 source latency
7.705929         network latency _328_/CLK
        10.802108 network latency _305_/CLK
---------------
12.355930 16.372108 latency
        4.016178 skew

fall -> fall
    min     max
4.650000 5.570000 source latency
7.973766         network latency _328_/CLK
        8.906544 network latency _305_/CLK
---------------
12.623766 14.476543 latency
        1.852777 skew



===========================================================================
report_clock_min_period
============================================================================
clk period_min = 10.79 fmax = 92.69
