Clock: clk
Sources: wb_clk_i 
Generated: no
Virtual: yes
Propagated: no
Period: 25.000000

===========================================================================
report_clock_properties
============================================================================
Clock                   Period          Waveform
----------------------------------------------------
clk                  25.000000    0.000000 12.500000

===========================================================================
report_clock_latency
============================================================================
Clock clk
rise -> rise
    min     max
4.650000 5.570000 source latency
5.712397         network latency _328_/CLK
        8.719483 network latency _305_/CLK
---------------
10.362397 14.289484 latency
        3.927086 skew

rise -> fall
    min     max
4.650000 5.570000 source latency
5.803298         network latency _328_/CLK
        8.714544 network latency _305_/CLK
---------------
10.453298 14.284544 latency
        3.831246 skew

fall -> fall
    min     max
4.650000 5.570000 source latency
5.860418         network latency _328_/CLK
        6.789245 network latency _305_/CLK
---------------
10.510418 12.359244 latency
        1.848827 skew



===========================================================================
report_clock_min_period
============================================================================
clk period_min = 3.59 fmax = 278.22
