Clock: clk
Sources: wb_clk_i 
Generated: no
Virtual: yes
Propagated: no
Period: 25.000000

===========================================================================
report_clock_properties
============================================================================
Clock                   Period          Waveform
----------------------------------------------------
clk                  25.000000    0.000000 12.500000

===========================================================================
report_clock_latency
============================================================================
Clock clk
rise -> rise
    min     max
4.650000 5.570000 source latency
5.794850         network latency mprj/_328_/CLK
        8.803080 network latency mprj/_305_/CLK
---------------
10.444851 14.373079 latency
        3.928229 skew

rise -> fall
    min     max
4.650000 5.570000 source latency
5.886833         network latency mprj/_328_/CLK
        8.789470 network latency mprj/_305_/CLK
---------------
10.536833 14.359470 latency
        3.822637 skew

fall -> fall
    min     max
4.650000 5.570000 source latency
5.928831         network latency mprj/_328_/CLK
        6.864648 network latency mprj/_305_/CLK
---------------
10.578831 12.434648 latency
        1.855817 skew



===========================================================================
report_clock_min_period
============================================================================
clk period_min = 3.67 fmax = 272.16
