Clock: clk
Sources: wb_clk_i 
Generated: no
Virtual: yes
Propagated: no
Period: 25.000000

===========================================================================
report_clock_properties
============================================================================
Clock                   Period          Waveform
----------------------------------------------------
clk                  25.000000    0.000000 12.500000

===========================================================================
report_clock_latency
============================================================================
Clock clk
rise -> rise
    min     max
4.650000 5.570000 source latency
7.501005         network latency mprj/_328_/CLK
        10.471915 network latency mprj/_305_/CLK
---------------
12.151006 16.041914 latency
        3.890909 skew

rise -> fall
    min     max
4.650000 5.570000 source latency
7.592703         network latency mprj/_328_/CLK
        10.682340 network latency mprj/_305_/CLK
---------------
12.242703 16.252340 latency
        4.009637 skew

fall -> fall
    min     max
4.650000 5.570000 source latency
7.866813         network latency mprj/_328_/CLK
        8.796917 network latency mprj/_305_/CLK
---------------
12.516813 14.366917 latency
        1.850104 skew



===========================================================================
report_clock_min_period
============================================================================
clk period_min = 10.63 fmax = 94.10
