Clock: clk
Sources: wb_clk_i 
Generated: no
Virtual: yes
Propagated: no
Period: 25.000000

===========================================================================
report_clock_properties
============================================================================
Clock                   Period          Waveform
----------------------------------------------------
clk                  25.000000    0.000000 12.500000

===========================================================================
report_clock_latency
============================================================================
Clock clk
rise -> rise
    min     max
4.650000 5.570000 source latency
7.703998         network latency _328_/CLK
        10.646131 network latency _305_/CLK
---------------
12.353997 16.216131 latency
        3.862134 skew

rise -> fall
    min     max
4.650000 5.570000 source latency
7.734870         network latency _328_/CLK
        10.840950 network latency _305_/CLK
---------------
12.384871 16.410950 latency
        4.026079 skew

fall -> fall
    min     max
4.650000 5.570000 source latency
8.003057         network latency _328_/CLK
        8.941120 network latency _305_/CLK
---------------
12.653056 14.511120 latency
        1.858064 skew



===========================================================================
report_clock_min_period
============================================================================
clk period_min = 10.83 fmax = 92.37
