Clock: clk
Sources: wb_clk_i 
Generated: no
Virtual: yes
Propagated: no
Period: 25.000000

===========================================================================
report_clock_properties
============================================================================
Clock                   Period          Waveform
----------------------------------------------------
clk                  25.000000    0.000000 12.500000

===========================================================================
report_clock_latency
============================================================================
Clock clk
rise -> rise
    min     max
4.650000 5.570000 source latency
6.422780         network latency _328_/CLK
        9.348904 network latency _305_/CLK
---------------
11.072780 14.918904 latency
        3.846124 skew

rise -> fall
    min     max
4.650000 5.570000 source latency
6.393727         network latency _328_/CLK
        9.341233 network latency _305_/CLK
---------------
11.043728 14.911234 latency
        3.867506 skew

fall -> fall
    min     max
4.650000 5.570000 source latency
6.519397         network latency _328_/CLK
        7.453887 network latency _305_/CLK
---------------
11.169396 13.023887 latency
        1.854490 skew



===========================================================================
report_clock_min_period
============================================================================
clk period_min = 5.49 fmax = 182.10
