Clock: clk
Sources: wb_clk_i 
Generated: no
Virtual: yes
Propagated: no
Period: 25.000000

===========================================================================
report_clock_properties
============================================================================
Clock                   Period          Waveform
----------------------------------------------------
clk                  25.000000    0.000000 12.500000

===========================================================================
report_clock_latency
============================================================================
Clock clk
rise -> rise
    min     max
4.650000 5.570000 source latency
7.704398         network latency mprj/_328_/CLK
        10.646440 network latency mprj/_305_/CLK
---------------
12.354399 16.216440 latency
        3.862041 skew

rise -> fall
    min     max
4.650000 5.570000 source latency
7.735256         network latency mprj/_328_/CLK
        10.841234 network latency mprj/_305_/CLK
---------------
12.385256 16.411234 latency
        4.025978 skew

fall -> fall
    min     max
4.650000 5.570000 source latency
8.006374         network latency mprj/_328_/CLK
        8.944438 network latency mprj/_305_/CLK
---------------
12.656374 14.514438 latency
        1.858064 skew



===========================================================================
report_clock_min_period
============================================================================
clk period_min = 10.83 fmax = 92.37
