Clock: clk
Sources: wb_clk_i 
Generated: no
Virtual: yes
Propagated: no
Period: 25.000000

===========================================================================
report_clock_properties
============================================================================
Clock                   Period          Waveform
----------------------------------------------------
clk                  25.000000    0.000000 12.500000

===========================================================================
report_clock_latency
============================================================================
Clock clk
rise -> rise
    min     max
4.650000 5.570000 source latency
6.423130         network latency mprj/_328_/CLK
        9.349173 network latency mprj/_305_/CLK
---------------
11.073131 14.919172 latency
        3.846042 skew

rise -> fall
    min     max
4.650000 5.570000 source latency
6.394101         network latency mprj/_328_/CLK
        9.341503 network latency mprj/_305_/CLK
---------------
11.044101 14.911504 latency
        3.867403 skew

fall -> fall
    min     max
4.650000 5.570000 source latency
6.522374         network latency mprj/_328_/CLK
        7.456866 network latency mprj/_305_/CLK
---------------
11.172374 13.026865 latency
        1.854492 skew



===========================================================================
report_clock_min_period
============================================================================
clk period_min = 5.49 fmax = 182.10
