Clock: clk
Sources: wb_clk_i 
Generated: no
Virtual: yes
Propagated: no
Period: 25.000000

===========================================================================
report_clock_properties
============================================================================
Clock                   Period          Waveform
----------------------------------------------------
clk                  25.000000    0.000000 12.500000

===========================================================================
report_clock_latency
============================================================================
Clock clk
rise -> rise
    min     max
4.650000 5.570000 source latency
6.310304         network latency _328_/CLK
        9.235803 network latency _305_/CLK
---------------
10.960304 14.805803 latency
        3.845499 skew

rise -> fall
    min     max
4.650000 5.570000 source latency
6.292112         network latency _328_/CLK
        9.247493 network latency _305_/CLK
---------------
10.942112 14.817493 latency
        3.875382 skew

fall -> fall
    min     max
4.650000 5.570000 source latency
6.432544         network latency _328_/CLK
        7.360063 network latency _305_/CLK
---------------
11.082543 12.930062 latency
        1.847520 skew



===========================================================================
report_clock_min_period
============================================================================
clk period_min = 5.39 fmax = 185.54
