Clock: clk
Sources: wb_clk_i 
Generated: no
Virtual: yes
Propagated: no
Period: 25.000000

===========================================================================
report_clock_properties
============================================================================
Clock                   Period          Waveform
----------------------------------------------------
clk                  25.000000    0.000000 12.500000

===========================================================================
report_clock_latency
============================================================================
Clock clk
rise -> rise
    min     max
4.650000 5.570000 source latency
7.500853         network latency _328_/CLK
        10.471798 network latency _305_/CLK
---------------
12.150853 16.041798 latency
        3.890944 skew

rise -> fall
    min     max
4.650000 5.570000 source latency
7.592555         network latency _328_/CLK
        10.682230 network latency _305_/CLK
---------------
12.242556 16.252230 latency
        4.009675 skew

fall -> fall
    min     max
4.650000 5.570000 source latency
7.865334         network latency _328_/CLK
        8.795438 network latency _305_/CLK
---------------
12.515333 14.365438 latency
        1.850104 skew



===========================================================================
report_clock_min_period
============================================================================
clk period_min = 10.63 fmax = 94.10
