
===========================================================================
report_checks -unconstrained
===========================================================================
======================= nom_ff_n40C_1v95 Corner ===================================

Startpoint: wb_rst_i (input port clocked by clk)
Endpoint: mprj/_305_ (rising edge-triggered flip-flop clocked by clk)
Path Group: clk
Path Type: max

Fanout         Cap        Slew       Delay        Time   Description
---------------------------------------------------------------------------------------------
                                  0.000000    0.000000   clock clk (rise edge)
                                  5.570000    5.570000   clock network delay (propagated)
                                 12.500000   18.070000 v input external delay
     2    0.028360    0.000000    0.000000   18.070000 v wb_rst_i (in)
                                                         wb_rst_i (net)
                      0.001390    0.000695   18.070694 v mprj/input37/A (sky130_fd_sc_hd__buf_4)
     3    0.108655    0.098490    0.131324   18.202019 v mprj/input37/X (sky130_fd_sc_hd__buf_4)
                                                         mprj/net37 (net)
                      0.121177    0.035705   18.237722 v mprj/_153_/A1 (sky130_fd_sc_hd__a21oi_4)
     1    0.005545    0.074996    0.111344   18.349068 ^ mprj/_153_/Y (sky130_fd_sc_hd__a21oi_4)
                                                         mprj/_039_ (net)
                      0.074996    0.000217   18.349283 ^ mprj/hold50/A (sky130_fd_sc_hd__dlygate4sd3_1)
     1    0.005025    0.052293    0.391914   18.741198 ^ mprj/hold50/X (sky130_fd_sc_hd__dlygate4sd3_1)
                                                         mprj/net324 (net)
                      0.052293    0.000187   18.741385 ^ mprj/hold8/A (sky130_fd_sc_hd__dlygate4sd3_1)
    15    0.062476    0.466357    0.679625   19.421009 ^ mprj/hold8/X (sky130_fd_sc_hd__dlygate4sd3_1)
                                                         mprj/net282 (net)
                      0.466371    0.003160   19.424170 ^ mprj/hold51/A (sky130_fd_sc_hd__dlygate4sd3_1)
     7    0.044214    0.333547    0.610321   20.034491 ^ mprj/hold51/X (sky130_fd_sc_hd__dlygate4sd3_1)
                                                         mprj/net325 (net)
                      0.333547    0.001027   20.035517 ^ mprj/_160_/A (sky130_fd_sc_hd__nand2_2)
     2    0.015898    0.097801    0.069653   20.105169 v mprj/_160_/Y (sky130_fd_sc_hd__nand2_2)
                                                         mprj/_044_ (net)
                      0.097825    0.001162   20.106331 v mprj/hold52/A (sky130_fd_sc_hd__dlygate4sd3_1)
     5    0.049252    0.177382    0.526864   20.633196 v mprj/hold52/X (sky130_fd_sc_hd__dlygate4sd3_1)
                                                         mprj/net326 (net)
                      0.177413    0.002304   20.635500 v mprj/fanout124/A (sky130_fd_sc_hd__buf_6)
    33    0.135384    0.088000    0.178170   20.813669 v mprj/fanout124/X (sky130_fd_sc_hd__buf_6)
                                                         mprj/net124 (net)
                      0.088060    0.002332   20.816002 v mprj/_161_/A (sky130_fd_sc_hd__inv_2)
     2    0.007691    0.040591    0.060174   20.876177 ^ mprj/_161_/Y (sky130_fd_sc_hd__inv_2)
                                                         mprj/_000_ (net)
                      0.040591    0.000158   20.876333 ^ mprj/_233_/A2 (sky130_fd_sc_hd__a32o_1)
     1    0.002556    0.036373    0.083707   20.960041 ^ mprj/_233_/X (sky130_fd_sc_hd__a32o_1)
                                                         mprj/_009_ (net)
                      0.036373    0.000053   20.960094 ^ mprj/hold157/A (sky130_fd_sc_hd__dlygate4sd3_1)
     1    0.002501    0.035526    0.370010   21.330105 ^ mprj/hold157/X (sky130_fd_sc_hd__dlygate4sd3_1)
                                                         mprj/net431 (net)
                      0.035526    0.000075   21.330179 ^ mprj/hold41/A (sky130_fd_sc_hd__dlygate4sd3_1)
     1    0.003063    0.039009    0.373420   21.703600 ^ mprj/hold41/X (sky130_fd_sc_hd__dlygate4sd3_1)
                                                         mprj/net315 (net)
                      0.039009    0.000098   21.703697 ^ mprj/hold158/A (sky130_fd_sc_hd__dlygate4sd3_1)
     1    0.002147    0.033551    0.368312   22.072008 ^ mprj/hold158/X (sky130_fd_sc_hd__dlygate4sd3_1)
                                                         mprj/net432 (net)
                      0.033551    0.000062   22.072071 ^ mprj/_305_/D (sky130_fd_sc_hd__dfxtp_4)
                                             22.072071   data arrival time

                                 25.000000   25.000000   clock clk (rise edge)
                                  4.650000   29.650000   clock source latency
     2    0.050105    0.610000    0.000000   29.650000 ^ wb_clk_i (in)
                                                         wb_clk_i (net)
                      0.619076    0.004539   29.654537 ^ mprj/wire3/A (sky130_fd_sc_hd__buf_4)
     3    0.047494    0.108393    0.156263   29.810801 ^ mprj/wire3/X (sky130_fd_sc_hd__buf_4)
                                                         mprj/net274 (net)
                      0.109194    0.007411   29.818211 ^ mprj/wire2/A (sky130_fd_sc_hd__buf_6)
     3    0.110721    0.166913    0.170466   29.988678 ^ mprj/wire2/X (sky130_fd_sc_hd__buf_6)
                                                         mprj/net273 (net)
                      0.167765    0.009710   29.998386 ^ mprj/_155_/A1 (sky130_fd_sc_hd__mux2_1)
     3    0.054209    0.356656    0.328015   30.326403 ^ mprj/_155_/X (sky130_fd_sc_hd__mux2_1)
                                                         mprj/clk (net)
                      0.356703    0.003464   30.329866 ^ mprj/wire1/A (sky130_fd_sc_hd__buf_4)
     3    0.051279    0.112790    0.161343   30.491209 ^ mprj/wire1/X (sky130_fd_sc_hd__buf_4)
                                                         mprj/net272 (net)
                      0.113608    0.007699   30.498907 ^ mprj/clkbuf_0_clk/A (sky130_fd_sc_hd__clkbuf_16)
     9    0.096415    0.086814    0.147828   30.646736 ^ mprj/clkbuf_0_clk/X (sky130_fd_sc_hd__clkbuf_16)
                                                         mprj/clknet_0_clk (net)
                      0.087448    0.005915   30.652651 ^ mprj/clkbuf_2_2__f_clk/A (sky130_fd_sc_hd__clkbuf_16)
    21    0.066435    0.064390    0.124832   30.777483 ^ mprj/clkbuf_2_2__f_clk/X (sky130_fd_sc_hd__clkbuf_16)
                                                         mprj/clknet_2_2__leaf_clk (net)
                      0.065768    0.007393   30.784876 ^ mprj/_305_/CLK (sky130_fd_sc_hd__dfxtp_4)
                                 -0.250000   30.534876   clock uncertainty
                                  0.000000   30.534876   clock reconvergence pessimism
                                 -0.030788   30.504087   library setup time
                                             30.504087   data required time
---------------------------------------------------------------------------------------------
                                             30.504087   data required time
                                            -22.072071   data arrival time
---------------------------------------------------------------------------------------------
                                              8.432016   slack (MET)




===========================================================================
report_checks --slack_max -0.01
============================================================================
======================= nom_ff_n40C_1v95 Corner ===================================

No paths found.


===========================================================================
 report_check_types -max_slew -max_cap -max_fanout -violators
============================================================================
======================= nom_ff_n40C_1v95 Corner ===================================

max fanout

Pin                                   Limit Fanout  Slack
---------------------------------------------------------
mprj/fanout124/X                         10     33    -23 (VIOLATED)
mprj/fanout125/X                         10     33    -23 (VIOLATED)
mprj/_159_/Y                             10     29    -19 (VIOLATED)
mprj/_156_/X                             10     27    -17 (VIOLATED)
mprj/_195_/X                             10     23    -13 (VIOLATED)
mprj/_182_/X                             10     21    -11 (VIOLATED)
mprj/clkbuf_2_2__f_clk/X                 10     21    -11 (VIOLATED)
mprj/_176_/Y                             10     19     -9 (VIOLATED)
mprj/_297_/Q                             10     19     -9 (VIOLATED)
mprj/clkbuf_2_1__f_clk/X                 10     19     -9 (VIOLATED)
mprj/clkbuf_2_3__f_clk/X                 10     19     -9 (VIOLATED)
mprj/clkbuf_2_0__f_clk/X                 10     17     -7 (VIOLATED)
mprj/hold140/X                           10     17     -7 (VIOLATED)
mprj/wire4/X                             10     17     -7 (VIOLATED)
mprj/_157_/Y                             10     15     -5 (VIOLATED)
mprj/_298_/Q                             10     15     -5 (VIOLATED)
mprj/_301_/Q                             10     15     -5 (VIOLATED)
mprj/_305_/Q                             10     15     -5 (VIOLATED)
mprj/hold8/X                             10     15     -5 (VIOLATED)
mprj/_228_/X                             10     13     -3 (VIOLATED)
mprj/_299_/Q                             10     13     -3 (VIOLATED)
mprj/_302_/Q                             10     13     -3 (VIOLATED)
mprj/_303_/Q                             10     13     -3 (VIOLATED)
mprj/_309_/Q                             10     13     -3 (VIOLATED)
mprj/_311_/Q                             10     13     -3 (VIOLATED)
mprj/_158_/Y                             10     11        (VIOLATED)
mprj/_175_/X                             10     11        (VIOLATED)
mprj/_300_/Q                             10     11        (VIOLATED)
mprj/_308_/Q                             10     11        (VIOLATED)
mprj/_310_/Q                             10     11        (VIOLATED)
mprj/_312_/Q                             10     11        (VIOLATED)



===========================================================================
report_parasitic_annotation -report_unannotated
============================================================================
Found 186 unannotated drivers.
 analog_io[0]
 analog_io[10]
 analog_io[11]
 analog_io[12]
 analog_io[13]
 analog_io[14]
 analog_io[15]
 analog_io[16]
 analog_io[17]
 analog_io[18]
 analog_io[19]
 analog_io[1]
 analog_io[20]
 analog_io[21]
 analog_io[22]
 analog_io[23]
 analog_io[24]
 analog_io[25]
 analog_io[26]
 analog_io[27]
 analog_io[28]
 analog_io[2]
 analog_io[3]
 analog_io[4]
 analog_io[5]
 analog_io[6]
 analog_io[7]
 analog_io[8]
 analog_io[9]
 io_in[10]
 io_in[11]
 io_in[12]
 io_in[13]
 io_in[14]
 io_in[15]
 io_in[16]
 io_in[17]
 io_in[18]
 io_in[19]
 io_in[20]
 io_in[21]
 io_in[22]
 io_in[23]
 io_in[24]
 io_in[25]
 io_in[26]
 io_in[27]
 io_in[28]
 io_in[29]
 io_in[8]
 io_in[9]
 user_clock2
 mprj/clkload0/X
 mprj/clkload1/X
 mprj/clkload2/X
 mprj/user_proj_example_141/HI
 mprj/user_proj_example_142/HI
 mprj/user_proj_example_143/HI
 mprj/user_proj_example_144/HI
 mprj/user_proj_example_145/HI
 mprj/user_proj_example_146/HI
 mprj/user_proj_example_147/HI
 mprj/user_proj_example_148/HI
 mprj/user_proj_example_149/HI
 mprj/user_proj_example_150/HI
 mprj/user_proj_example_151/HI
 mprj/user_proj_example_152/HI
 mprj/user_proj_example_153/HI
 mprj/user_proj_example_154/HI
 mprj/user_proj_example_155/HI
 mprj/user_proj_example_156/HI
 mprj/user_proj_example_157/HI
 mprj/user_proj_example_158/HI
 mprj/user_proj_example_159/HI
 mprj/user_proj_example_160/HI
 mprj/user_proj_example_161/HI
 mprj/user_proj_example_162/HI
 mprj/user_proj_example_163/HI
 mprj/user_proj_example_164/HI
 mprj/user_proj_example_165/HI
 mprj/user_proj_example_166/HI
 mprj/user_proj_example_167/HI
 mprj/user_proj_example_168/HI
 mprj/user_proj_example_169/HI
 mprj/user_proj_example_170/HI
 mprj/user_proj_example_171/HI
 mprj/user_proj_example_172/HI
 mprj/user_proj_example_173/HI
 mprj/user_proj_example_174/HI
 mprj/user_proj_example_175/HI
 mprj/user_proj_example_176/HI
 mprj/user_proj_example_177/HI
 mprj/user_proj_example_178/HI
 mprj/user_proj_example_179/HI
 mprj/user_proj_example_180/HI
 mprj/user_proj_example_181/HI
 mprj/user_proj_example_182/HI
 mprj/user_proj_example_183/HI
 mprj/user_proj_example_184/HI
 mprj/user_proj_example_185/HI
 mprj/user_proj_example_186/HI
 mprj/user_proj_example_187/HI
 mprj/user_proj_example_188/HI
 mprj/user_proj_example_189/HI
 mprj/user_proj_example_190/HI
 mprj/user_proj_example_191/HI
 mprj/user_proj_example_192/HI
 mprj/user_proj_example_193/HI
 mprj/user_proj_example_194/HI
 mprj/user_proj_example_195/HI
 mprj/user_proj_example_196/HI
 mprj/user_proj_example_197/HI
 mprj/user_proj_example_198/HI
 mprj/user_proj_example_199/HI
 mprj/user_proj_example_200/HI
 mprj/user_proj_example_201/HI
 mprj/user_proj_example_202/HI
 mprj/user_proj_example_203/HI
 mprj/user_proj_example_204/HI
 mprj/user_proj_example_205/HI
 mprj/user_proj_example_206/HI
 mprj/user_proj_example_207/HI
 mprj/user_proj_example_208/HI
 mprj/user_proj_example_209/HI
 mprj/user_proj_example_210/HI
 mprj/user_proj_example_211/HI
 mprj/user_proj_example_212/HI
 mprj/user_proj_example_213/HI
 mprj/user_proj_example_214/HI
 mprj/user_proj_example_215/HI
 mprj/user_proj_example_216/HI
 mprj/user_proj_example_217/HI
 mprj/user_proj_example_218/HI
 mprj/user_proj_example_219/HI
 mprj/user_proj_example_220/HI
 mprj/user_proj_example_221/HI
 mprj/user_proj_example_222/HI
 mprj/user_proj_example_223/HI
 mprj/user_proj_example_224/HI
 mprj/user_proj_example_225/HI
 mprj/user_proj_example_226/HI
 mprj/user_proj_example_227/HI
 mprj/user_proj_example_228/HI
 mprj/user_proj_example_229/HI
 mprj/user_proj_example_230/HI
 mprj/user_proj_example_231/HI
 mprj/user_proj_example_232/HI
 mprj/user_proj_example_233/HI
 mprj/user_proj_example_234/HI
 mprj/user_proj_example_235/HI
 mprj/user_proj_example_236/HI
 mprj/user_proj_example_237/HI
 mprj/user_proj_example_238/HI
 mprj/user_proj_example_239/HI
 mprj/user_proj_example_240/HI
 mprj/user_proj_example_241/HI
 mprj/user_proj_example_242/HI
 mprj/user_proj_example_243/HI
 mprj/user_proj_example_244/HI
 mprj/user_proj_example_245/HI
 mprj/user_proj_example_246/HI
 mprj/user_proj_example_247/HI
 mprj/user_proj_example_248/HI
 mprj/user_proj_example_249/HI
 mprj/user_proj_example_250/HI
 mprj/user_proj_example_251/HI
 mprj/user_proj_example_252/HI
 mprj/user_proj_example_253/HI
 mprj/user_proj_example_254/HI
 mprj/user_proj_example_255/HI
 mprj/user_proj_example_256/HI
 mprj/user_proj_example_257/HI
 mprj/user_proj_example_258/HI
 mprj/user_proj_example_259/HI
 mprj/user_proj_example_260/HI
 mprj/user_proj_example_261/HI
 mprj/user_proj_example_262/HI
 mprj/user_proj_example_263/HI
 mprj/user_proj_example_264/HI
 mprj/user_proj_example_265/HI
 mprj/user_proj_example_266/HI
 mprj/user_proj_example_267/HI
 mprj/user_proj_example_268/HI
 mprj/user_proj_example_269/HI
 mprj/user_proj_example_270/HI
 mprj/user_proj_example_271/HI
Found 0 partially unannotated drivers.

===========================================================================
max slew violation count 0
max fanout violation count 31
max cap violation count 0
============================================================================

===========================================================================
check_setup -verbose -unconstrained_endpoints -multiple_clock -no_clock -no_input_delay -loops -generated_clocks
===========================================================================
Warning: There are 68 input ports missing set_input_delay.
  analog_io[0]
  analog_io[10]
  analog_io[11]
  analog_io[12]
  analog_io[13]
  analog_io[14]
  analog_io[15]
  analog_io[16]
  analog_io[17]
  analog_io[18]
  analog_io[19]
  analog_io[1]
  analog_io[20]
  analog_io[21]
  analog_io[22]
  analog_io[23]
  analog_io[24]
  analog_io[25]
  analog_io[26]
  analog_io[27]
  analog_io[28]
  analog_io[2]
  analog_io[3]
  analog_io[4]
  analog_io[5]
  analog_io[6]
  analog_io[7]
  analog_io[8]
  analog_io[9]
  io_in[0]
  io_in[10]
  io_in[11]
  io_in[12]
  io_in[13]
  io_in[14]
  io_in[15]
  io_in[16]
  io_in[17]
  io_in[18]
  io_in[19]
  io_in[1]
  io_in[20]
  io_in[21]
  io_in[22]
  io_in[23]
  io_in[24]
  io_in[25]
  io_in[26]
  io_in[27]
  io_in[28]
  io_in[29]
  io_in[2]
  io_in[30]
  io_in[31]
  io_in[32]
  io_in[33]
  io_in[34]
  io_in[35]
  io_in[36]
  io_in[37]
  io_in[3]
  io_in[4]
  io_in[5]
  io_in[6]
  io_in[7]
  io_in[8]
  io_in[9]
  user_clock2
Warning: There are 236 unconstrained endpoints.
  analog_io[0]
  analog_io[10]
  analog_io[11]
  analog_io[12]
  analog_io[13]
  analog_io[14]
  analog_io[15]
  analog_io[16]
  analog_io[17]
  analog_io[18]
  analog_io[19]
  analog_io[1]
  analog_io[20]
  analog_io[21]
  analog_io[22]
  analog_io[23]
  analog_io[24]
  analog_io[25]
  analog_io[26]
  analog_io[27]
  analog_io[28]
  analog_io[2]
  analog_io[3]
  analog_io[4]
  analog_io[5]
  analog_io[6]
  analog_io[7]
  analog_io[8]
  analog_io[9]
  io_oeb[0]
  io_oeb[10]
  io_oeb[11]
  io_oeb[12]
  io_oeb[13]
  io_oeb[14]
  io_oeb[15]
  io_oeb[16]
  io_oeb[17]
  io_oeb[18]
  io_oeb[19]
  io_oeb[1]
  io_oeb[20]
  io_oeb[21]
  io_oeb[22]
  io_oeb[23]
  io_oeb[24]
  io_oeb[25]
  io_oeb[26]
  io_oeb[27]
  io_oeb[28]
  io_oeb[29]
  io_oeb[2]
  io_oeb[30]
  io_oeb[31]
  io_oeb[32]
  io_oeb[33]
  io_oeb[34]
  io_oeb[35]
  io_oeb[36]
  io_oeb[37]
  io_oeb[3]
  io_oeb[4]
  io_oeb[5]
  io_oeb[6]
  io_oeb[7]
  io_oeb[8]
  io_oeb[9]
  io_out[0]
  io_out[10]
  io_out[11]
  io_out[12]
  io_out[13]
  io_out[14]
  io_out[15]
  io_out[16]
  io_out[17]
  io_out[18]
  io_out[19]
  io_out[1]
  io_out[20]
  io_out[21]
  io_out[22]
  io_out[23]
  io_out[24]
  io_out[25]
  io_out[26]
  io_out[27]
  io_out[28]
  io_out[29]
  io_out[2]
  io_out[30]
  io_out[31]
  io_out[32]
  io_out[33]
  io_out[34]
  io_out[35]
  io_out[36]
  io_out[37]
  io_out[3]
  io_out[4]
  io_out[5]
  io_out[6]
  io_out[7]
  io_out[8]
  io_out[9]
  la_data_out[100]
  la_data_out[101]
  la_data_out[102]
  la_data_out[103]
  la_data_out[104]
  la_data_out[105]
  la_data_out[106]
  la_data_out[107]
  la_data_out[108]
  la_data_out[109]
  la_data_out[110]
  la_data_out[111]
  la_data_out[112]
  la_data_out[113]
  la_data_out[114]
  la_data_out[115]
  la_data_out[116]
  la_data_out[117]
  la_data_out[118]
  la_data_out[119]
  la_data_out[120]
  la_data_out[121]
  la_data_out[122]
  la_data_out[123]
  la_data_out[124]
  la_data_out[125]
  la_data_out[126]
  la_data_out[127]
  la_data_out[16]
  la_data_out[17]
  la_data_out[18]
  la_data_out[19]
  la_data_out[20]
  la_data_out[21]
  la_data_out[22]
  la_data_out[23]
  la_data_out[24]
  la_data_out[25]
  la_data_out[26]
  la_data_out[27]
  la_data_out[28]
  la_data_out[29]
  la_data_out[30]
  la_data_out[31]
  la_data_out[32]
  la_data_out[33]
  la_data_out[34]
  la_data_out[35]
  la_data_out[36]
  la_data_out[37]
  la_data_out[38]
  la_data_out[39]
  la_data_out[40]
  la_data_out[41]
  la_data_out[42]
  la_data_out[43]
  la_data_out[44]
  la_data_out[45]
  la_data_out[46]
  la_data_out[47]
  la_data_out[48]
  la_data_out[49]
  la_data_out[50]
  la_data_out[51]
  la_data_out[52]
  la_data_out[53]
  la_data_out[54]
  la_data_out[55]
  la_data_out[56]
  la_data_out[57]
  la_data_out[58]
  la_data_out[59]
  la_data_out[60]
  la_data_out[61]
  la_data_out[62]
  la_data_out[63]
  la_data_out[64]
  la_data_out[65]
  la_data_out[66]
  la_data_out[67]
  la_data_out[68]
  la_data_out[69]
  la_data_out[70]
  la_data_out[71]
  la_data_out[72]
  la_data_out[73]
  la_data_out[74]
  la_data_out[75]
  la_data_out[76]
  la_data_out[77]
  la_data_out[78]
  la_data_out[79]
  la_data_out[80]
  la_data_out[81]
  la_data_out[82]
  la_data_out[83]
  la_data_out[84]
  la_data_out[85]
  la_data_out[86]
  la_data_out[87]
  la_data_out[88]
  la_data_out[89]
  la_data_out[90]
  la_data_out[91]
  la_data_out[92]
  la_data_out[93]
  la_data_out[94]
  la_data_out[95]
  la_data_out[96]
  la_data_out[97]
  la_data_out[98]
  la_data_out[99]
  user_irq[0]
  user_irq[1]
  user_irq[2]
  wbs_dat_o[16]
  wbs_dat_o[17]
  wbs_dat_o[18]
  wbs_dat_o[19]
  wbs_dat_o[20]
  wbs_dat_o[21]
  wbs_dat_o[22]
  wbs_dat_o[23]
  wbs_dat_o[24]
  wbs_dat_o[25]
  wbs_dat_o[26]
  wbs_dat_o[27]
  wbs_dat_o[28]
  wbs_dat_o[29]
  wbs_dat_o[30]
  wbs_dat_o[31]
