Clock: clk
Sources: wb_clk_i 
Generated: no
Virtual: yes
Propagated: no
Period: 25.000000

===========================================================================
report_clock_properties
============================================================================
Clock                   Period          Waveform
----------------------------------------------------
clk                  25.000000    0.000000 12.500000

===========================================================================
report_clock_latency
============================================================================
Clock clk
rise -> rise
    min     max
4.650000 5.570000 source latency
5.774983         network latency mprj/_328_/CLK
        8.776690 network latency mprj/_305_/CLK
---------------
10.424983 14.346689 latency
        3.921707 skew

rise -> fall
    min     max
4.650000 5.570000 source latency
5.861015         network latency mprj/_328_/CLK
        8.763550 network latency mprj/_305_/CLK
---------------
10.511016 14.333549 latency
        3.822534 skew

fall -> fall
    min     max
4.650000 5.570000 source latency
5.909387         network latency mprj/_328_/CLK
        6.840362 network latency mprj/_305_/CLK
---------------
10.559386 12.410361 latency
        1.850975 skew



===========================================================================
report_clock_min_period
============================================================================
clk period_min = 3.66 fmax = 273.11
