Clock: clk
Sources: wb_clk_i 
Generated: no
Virtual: yes
Propagated: no
Period: 25.000000

===========================================================================
report_clock_properties
============================================================================
Clock                   Period          Waveform
----------------------------------------------------
clk                  25.000000    0.000000 12.500000

===========================================================================
report_clock_latency
============================================================================
Clock clk
rise -> rise
    min     max
4.650000 5.570000 source latency
7.669638         network latency mprj/_328_/CLK
        10.604671 network latency mprj/_305_/CLK
---------------
12.319637 16.174671 latency
        3.855034 skew

rise -> fall
    min     max
4.650000 5.570000 source latency
7.706179         network latency mprj/_328_/CLK
        10.802291 network latency mprj/_305_/CLK
---------------
12.356178 16.372292 latency
        4.016112 skew

fall -> fall
    min     max
4.650000 5.570000 source latency
7.976071         network latency mprj/_328_/CLK
        8.908849 network latency mprj/_305_/CLK
---------------
12.626071 14.478848 latency
        1.852777 skew



===========================================================================
report_clock_min_period
============================================================================
clk period_min = 10.79 fmax = 92.69
